Unity Editor version:    2022.3.39f1 (4e1b0f82c39a)
Branch:                  2022.3/staging
Build type:              Release
Batch mode:              YES
macOS version:           Version 12.1 (Build 21C52)
Darwin version:          21.2.0
Architecture:            arm64
Running under Rosetta:   NO
Available memory:        16384 MB
Using pre-set license
Pro License: YES

COMMAND LINE ARGUMENTS:
/Applications/Unity/Hub/Editor/2022.3.39f1/Unity.app/Contents/MacOS/Unity
-adb2
-batchMode
-noUpm
-name
AssetImportWorker1
-projectPath
/Users/chichenghongye/Documents/xcsgo/FPS
-logFile
Logs/AssetImportWorker1.log
-srvPort
59287
Successfully changed project path to: /Users/chichenghongye/Documents/xcsgo/FPS
/Users/chichenghongye/Documents/xcsgo/FPS
[UnityMemory] Configuration Parameters - Can be set up in boot.config
    "memorysetup-bucket-allocator-granularity=16"
    "memorysetup-bucket-allocator-bucket-count=8"
    "memorysetup-bucket-allocator-block-size=33554432"
    "memorysetup-bucket-allocator-block-count=8"
    "memorysetup-main-allocator-block-size=16777216"
    "memorysetup-thread-allocator-block-size=16777216"
    "memorysetup-gfx-main-allocator-block-size=16777216"
    "memorysetup-gfx-thread-allocator-block-size=16777216"
    "memorysetup-cache-allocator-block-size=4194304"
    "memorysetup-typetree-allocator-block-size=2097152"
    "memorysetup-profiler-bucket-allocator-granularity=16"
    "memorysetup-profiler-bucket-allocator-bucket-count=8"
    "memorysetup-profiler-bucket-allocator-block-size=33554432"
    "memorysetup-profiler-bucket-allocator-block-count=8"
    "memorysetup-profiler-allocator-block-size=16777216"
    "memorysetup-profiler-editor-allocator-block-size=1048576"
    "memorysetup-temp-allocator-size-main=16777216"
    "memorysetup-job-temp-allocator-block-size=2097152"
    "memorysetup-job-temp-allocator-block-size-background=1048576"
    "memorysetup-job-temp-allocator-reduction-small-platforms=262144"
    "memorysetup-allocator-temp-initial-block-size-main=262144"
    "memorysetup-allocator-temp-initial-block-size-worker=262144"
    "memorysetup-temp-allocator-size-background-worker=32768"
    "memorysetup-temp-allocator-size-job-worker=262144"
    "memorysetup-temp-allocator-size-preload-manager=33554432"
    "memorysetup-temp-allocator-size-nav-mesh-worker=65536"
    "memorysetup-temp-allocator-size-audio-worker=65536"
    "memorysetup-temp-allocator-size-cloud-worker=32768"
    "memorysetup-temp-allocator-size-gi-baking-worker=262144"
    "memorysetup-temp-allocator-size-gfx=262144"
Player connection [4476487040]  Target information:

Player connection [4476487040]  * "[IP] 192.168.2.2 [Port] 0 [Flags] 2 [Guid] 3981810451 [EditorId] 3981810451 [Version] 1048832 [Id] OSXEditor(0,xysssdeMacBook-Pro.local) [Debug] 1 [PackageName] OSXEditor [ProjectName] Editor" 

Player connection [4476487040]  * "[IP] 198.18.0.1 [Port] 0 [Flags] 2 [Guid] 3981810451 [EditorId] 3981810451 [Version] 1048832 [Id] OSXEditor(0,xysssdeMacBook-Pro.local) [Debug] 1 [PackageName] OSXEditor [ProjectName] Editor" 

Player connection [4476487040] Host joined multi-casting on [225.0.0.222:54997]...
Player connection [4476487040] Host joined alternative multi-casting on [225.0.0.222:34997]...
[PhysX] Initialized MultithreadedTaskDispatcher with 8 workers.
Refreshing native plugins compatible for Editor in 9.12 ms, found 2 plugins.
Preloading 0 native plugins for Editor in 0.00 ms.
Initialize engine version: 2022.3.39f1 (4e1b0f82c39a)
[Subsystems] Discovering subsystems at path /Applications/Unity/Hub/Editor/2022.3.39f1/Unity.app/Contents/Resources/UnitySubsystems
[Subsystems] Discovering subsystems at path /Users/chichenghongye/Documents/xcsgo/FPS/Assets
GfxDevice: creating device client; threaded=0; jobified=0
 preferred device: Apple M1 Pro (high power)
Metal devices available: 1
0: Apple M1 Pro (high power)
Using device Apple M1 Pro (high power)
Initializing Metal device caps: Apple M1 Pro
Initialize mono
Mono path[0] = '/Applications/Unity/Hub/Editor/2022.3.39f1/Unity.app/Contents/Managed'
Mono path[1] = '/Applications/Unity/Hub/Editor/2022.3.39f1/Unity.app/Contents/MonoBleedingEdge/lib/mono/unityjit-macos'
Mono config path = '/Applications/Unity/Hub/Editor/2022.3.39f1/Unity.app/Contents/MonoBleedingEdge/etc'
Using monoOptions --debugger-agent=transport=dt_socket,embedding=1,server=y,suspend=n,address=127.0.0.1:56023
Begin MonoManager ReloadAssembly
Registering precompiled unity dll's ...
Register platform support module: /Applications/Unity/Hub/Editor/2022.3.39f1/PlaybackEngines/WebGLSupport/UnityEditor.WebGL.Extensions.dll
Register platform support module: /Applications/Unity/Hub/Editor/2022.3.39f1/Unity.app/Contents/PlaybackEngines/MacStandaloneSupport/UnityEditor.OSXStandalone.Extensions.dll
Registered in 0.004738 seconds.
- Loaded All Assemblies, in  0.305 seconds
Native extension for OSXStandalone target not found
Native extension for WebGL target not found
Mono: successfully reloaded assembly
- Finished resetting the current domain, in  0.212 seconds
Domain Reload Profiling: 517ms
	BeginReloadAssembly (84ms)
		ExecutionOrderSort (0ms)
		DisableScriptedObjects (0ms)
		BackupInstance (0ms)
		ReleaseScriptingObjects (0ms)
		CreateAndSetChildDomain (1ms)
	RebuildCommonClasses (33ms)
	RebuildNativeTypeToScriptingClass (11ms)
	initialDomainReloadingComplete (43ms)
	LoadAllAssembliesAndSetupDomain (134ms)
		LoadAssemblies (84ms)
		RebuildTransferFunctionScriptingTraits (0ms)
		AnalyzeDomain (132ms)
			TypeCache.Refresh (131ms)
				TypeCache.ScanAssembly (120ms)
			ScanForSourceGeneratedMonoScriptInfo (0ms)
			ResolveRequiredComponents (0ms)
	FinalizeReload (212ms)
		ReleaseScriptCaches (0ms)
		RebuildScriptCaches (0ms)
		SetupLoadedEditorAssemblies (164ms)
			LogAssemblyErrors (0ms)
			InitializePlatformSupportModulesInManaged (8ms)
			SetLoadedEditorAssemblies (5ms)
			RefreshPlugins (0ms)
			BeforeProcessingInitializeOnLoad (1ms)
			ProcessInitializeOnLoadAttributes (115ms)
			ProcessInitializeOnLoadMethodAttributes (35ms)
			AfterProcessingInitializeOnLoad (0ms)
			EditorAssembliesLoaded (0ms)
		ExecutionOrderSort2 (0ms)
		AwakeInstancesAfterBackupRestoration (0ms)
========================================================================
Worker process is ready to serve import requests
Begin MonoManager ReloadAssembly
- Loaded All Assemblies, in  0.498 seconds
Refreshing native plugins compatible for Editor in 0.93 ms, found 2 plugins.
Native extension for OSXStandalone target not found
Native extension for WebGL target not found
Package Manager log level set to [2]
[Package Manager] Server::EnsureServerProcessIsRunning -- launch failed, reason: Unity was launched with the -noUpm command-line argument
[Package Manager] UpmClient::Send -- Unable to send message (not connected to UPM process).
[Package Manager] Cannot connect to Unity Package Manager local server
Mono: successfully reloaded assembly
- Finished resetting the current domain, in  0.446 seconds
Domain Reload Profiling: 944ms
	BeginReloadAssembly (100ms)
		ExecutionOrderSort (0ms)
		DisableScriptedObjects (4ms)
		BackupInstance (0ms)
		ReleaseScriptingObjects (0ms)
		CreateAndSetChildDomain (25ms)
	RebuildCommonClasses (34ms)
	RebuildNativeTypeToScriptingClass (11ms)
	initialDomainReloadingComplete (30ms)
	LoadAllAssembliesAndSetupDomain (324ms)
		LoadAssemblies (207ms)
		RebuildTransferFunctionScriptingTraits (0ms)
		AnalyzeDomain (159ms)
			TypeCache.Refresh (145ms)
				TypeCache.ScanAssembly (132ms)
			ScanForSourceGeneratedMonoScriptInfo (9ms)
			ResolveRequiredComponents (4ms)
	FinalizeReload (447ms)
		ReleaseScriptCaches (0ms)
		RebuildScriptCaches (0ms)
		SetupLoadedEditorAssemblies (321ms)
			LogAssemblyErrors (0ms)
			InitializePlatformSupportModulesInManaged (5ms)
			SetLoadedEditorAssemblies (3ms)
			RefreshPlugins (0ms)
			BeforeProcessingInitializeOnLoad (43ms)
			ProcessInitializeOnLoadAttributes (254ms)
			ProcessInitializeOnLoadMethodAttributes (14ms)
			AfterProcessingInitializeOnLoad (3ms)
			EditorAssembliesLoaded (0ms)
		ExecutionOrderSort2 (0ms)
		AwakeInstancesAfterBackupRestoration (3ms)
Launching external process: /Applications/Unity/Hub/Editor/2022.3.39f1/Unity.app/Contents/Tools/UnityShaderCompiler
Launched and connected shader compiler UnityShaderCompiler after 0.06 seconds
Refreshing native plugins compatible for Editor in 1.11 ms, found 2 plugins.
Preloading 0 native plugins for Editor in 0.00 ms.
Unloading 3097 Unused Serialized files (Serialized files now loaded: 0)
Unloading 33 unused Assets / (54.6 KB). Loaded Objects now: 3571.
Memory consumption went from 240.1 MB to 240.1 MB.
Total: 2.712500 ms (FindLiveObjects: 0.119958 ms CreateObjectMapping: 0.044125 ms MarkObjects: 2.461084 ms  DeleteObjects: 0.086833 ms)

AssetImportParameters requested are different than current active one (requested -> active):
  custom:container-demuxer-ogg: 62fdf1f143b41e24485cea50d1cbac27 -> 
  custom:video-decoder-ogg-theora: a1e56fd34408186e4bbccfd4996cb3dc -> 
  custom:CustomObjectIndexerAttribute: 9a22284fe3817be447336de3de66b15e -> 
  custom:container-demuxer-webm: 4f35f7cbe854078d1ac9338744f61a02 -> 
  custom:container-muxer-webm: aa71ff27fc2769a1b78a27578f13a17b -> 
  custom:video-decoder-webm-vp8: 9c59270c3fd7afecdb556c50c9e8de78 -> 
  custom:SearchIndexIgnoredProperties: e643bd26f0fe6173181afceb89e7c659 -> 
  custom:AudioImporter_EditorPlatform: 3918e3fc78b5a79bad01e8451be0beb8 -> 
  custom:framework-osx-AVFoundation: e770b220cccbd017edd2c1fefb359320 -> 
  custom:video-encoder-webm-vp8: eb34c28f22e8b96e1ab97ce403110664 -> 
  custom:audio-decoder-ogg-vorbis: bf7c407c2cedff20999df2af8eb42d56 -> 
  custom:audio-encoder-webm-vorbis: bf7c407c2cedff20999df2af8eb42d56 -> 
========================================================================
Received Import Request.
  Time since last request: 5144.458859 seconds.
  path: Assets/SciFiWeaponsPack1
  artifactKey: Guid(802f546d9e79948b49b2e39318789825) Importer(815301076,1909f56bfc062723c751e8b465ee728b)
Start importing Assets/SciFiWeaponsPack1 using Guid(802f546d9e79948b49b2e39318789825) Importer(815301076,1909f56bfc062723c751e8b465ee728b) [PhysX] Initialized MultithreadedTaskDispatcher with 8 workers.
 -> (artifact id: '66927ed0c9ebd7ccdea899ba33f2ee8e') in 0.001306 seconds
Number of updated asset objects reloaded before import = 0
Number of asset objects unloaded after import = 0
========================================================================
Received Import Request.
  Time since last request: 0.857367 seconds.
  path: Assets/SciFiWeaponsPack1/Materials/Carbine_Diff_A_GREEN.mat
  artifactKey: Guid(cb46d10c56b13e443b469dfce24e4e10) Importer(815301076,1909f56bfc062723c751e8b465ee728b)
Start importing Assets/SciFiWeaponsPack1/Materials/Carbine_Diff_A_GREEN.mat using Guid(cb46d10c56b13e443b469dfce24e4e10) Importer(815301076,1909f56bfc062723c751e8b465ee728b) [PhysX] Initialized MultithreadedTaskDispatcher with 8 workers.
[PhysX] Initialized MultithreadedTaskDispatcher with 8 workers.
 -> (artifact id: '3e26f51d3bec896074fc4d23837f52b8') in 0.439818 seconds
Number of updated asset objects reloaded before import = 0
Number of asset objects unloaded after import = 3
========================================================================
Received Import Request.
  Time since last request: 0.000033 seconds.
  path: Assets/SciFiWeaponsPack1/Materials/RailRifle_Diff_A_BLUE.mat
  artifactKey: Guid(22be20df29630ac42b17641417ad4c6a) Importer(815301076,1909f56bfc062723c751e8b465ee728b)
Start importing Assets/SciFiWeaponsPack1/Materials/RailRifle_Diff_A_BLUE.mat using Guid(22be20df29630ac42b17641417ad4c6a) Importer(815301076,1909f56bfc062723c751e8b465ee728b) [PhysX] Initialized MultithreadedTaskDispatcher with 8 workers.
[PhysX] Initialized MultithreadedTaskDispatcher with 8 workers.
 -> (artifact id: '48073f96621c0c28666950d902fdd399') in 0.213219 seconds
Number of updated asset objects reloaded before import = 0
Number of asset objects unloaded after import = 3
========================================================================
Received Import Request.
  Time since last request: 0.000043 seconds.
  path: Assets/SciFiWeaponsPack1/Materials/RailRifle_Diff_A_RED.mat
  artifactKey: Guid(13026dcc1c4acc54ca30338731b611b2) Importer(815301076,1909f56bfc062723c751e8b465ee728b)
Start importing Assets/SciFiWeaponsPack1/Materials/RailRifle_Diff_A_RED.mat using Guid(13026dcc1c4acc54ca30338731b611b2) Importer(815301076,1909f56bfc062723c751e8b465ee728b) [PhysX] Initialized MultithreadedTaskDispatcher with 8 workers.
[PhysX] Initialized MultithreadedTaskDispatcher with 8 workers.
 -> (artifact id: '51032e251e030663ae2e85705a659450') in 0.005767 seconds
Number of updated asset objects reloaded before import = 0
Number of asset objects unloaded after import = 3
========================================================================
Received Import Request.
  Time since last request: 0.000037 seconds.
  path: Assets/SciFiWeaponsPack1/Materials/RailRifle_Diff_A_GREEN.mat
  artifactKey: Guid(68920c35cba595b4d8bc7a18a9f5d1ea) Importer(815301076,1909f56bfc062723c751e8b465ee728b)
Start importing Assets/SciFiWeaponsPack1/Materials/RailRifle_Diff_A_GREEN.mat using Guid(68920c35cba595b4d8bc7a18a9f5d1ea) Importer(815301076,1909f56bfc062723c751e8b465ee728b) [PhysX] Initialized MultithreadedTaskDispatcher with 8 workers.
[PhysX] Initialized MultithreadedTaskDispatcher with 8 workers.
 -> (artifact id: 'd8e8fc7c033ac13999e3777f7c510802') in 0.006958 seconds
Number of updated asset objects reloaded before import = 0
Number of asset objects unloaded after import = 3
========================================================================
Received Import Request.
  Time since last request: 0.000191 seconds.
  path: Assets/SciFiWeaponsPack1/Materials/PulsePistol_Diff_A_GREEN.mat
  artifactKey: Guid(9ed5eed8c02ee1e428ee97004ed83ff7) Importer(815301076,1909f56bfc062723c751e8b465ee728b)
Start importing Assets/SciFiWeaponsPack1/Materials/PulsePistol_Diff_A_GREEN.mat using Guid(9ed5eed8c02ee1e428ee97004ed83ff7) Importer(815301076,1909f56bfc062723c751e8b465ee728b) [PhysX] Initialized MultithreadedTaskDispatcher with 8 workers.
[PhysX] Initialized MultithreadedTaskDispatcher with 8 workers.
 -> (artifact id: '90da4414f4d771d5f708c67027c9a14d') in 0.007380 seconds
Number of updated asset objects reloaded before import = 0
Number of asset objects unloaded after import = 3
========================================================================
Received Import Request.
  Time since last request: 0.000051 seconds.
  path: Assets/SciFiWeaponsPack1/Materials/RailRifle_Diff_A_YELLOW.mat
  artifactKey: Guid(1da0e17af3ee19e4bb7199bd24aaba2d) Importer(815301076,1909f56bfc062723c751e8b465ee728b)
Start importing Assets/SciFiWeaponsPack1/Materials/RailRifle_Diff_A_YELLOW.mat using Guid(1da0e17af3ee19e4bb7199bd24aaba2d) Importer(815301076,1909f56bfc062723c751e8b465ee728b) [PhysX] Initialized MultithreadedTaskDispatcher with 8 workers.
[PhysX] Initialized MultithreadedTaskDispatcher with 8 workers.
 -> (artifact id: '9ea10b765c91c114ae81398ed3183917') in 0.007290 seconds
Number of updated asset objects reloaded before import = 0
Number of asset objects unloaded after import = 3
========================================================================
Received Import Request.
  Time since last request: 0.000152 seconds.
  path: Assets/SciFiWeaponsPack1/Materials/PulsePistol_Diff_A_YELLOW.mat
  artifactKey: Guid(f236ccc2c995e9c498b6c03475349090) Importer(815301076,1909f56bfc062723c751e8b465ee728b)
Start importing Assets/SciFiWeaponsPack1/Materials/PulsePistol_Diff_A_YELLOW.mat using Guid(f236ccc2c995e9c498b6c03475349090) Importer(815301076,1909f56bfc062723c751e8b465ee728b) [PhysX] Initialized MultithreadedTaskDispatcher with 8 workers.
[PhysX] Initialized MultithreadedTaskDispatcher with 8 workers.
 -> (artifact id: '16c8cf8e638fa3ffa61f6f32034cc557') in 0.007430 seconds
Number of updated asset objects reloaded before import = 0
Number of asset objects unloaded after import = 3
========================================================================
Received Import Request.
  Time since last request: 0.000107 seconds.
  path: Assets/SciFiWeaponsPack1/Materials/Carbine_Diff_A_YELLOW.mat
  artifactKey: Guid(11556458a6efa2c45979c4a2236320bd) Importer(815301076,1909f56bfc062723c751e8b465ee728b)
Start importing Assets/SciFiWeaponsPack1/Materials/Carbine_Diff_A_YELLOW.mat using Guid(11556458a6efa2c45979c4a2236320bd) Importer(815301076,1909f56bfc062723c751e8b465ee728b) [PhysX] Initialized MultithreadedTaskDispatcher with 8 workers.
[PhysX] Initialized MultithreadedTaskDispatcher with 8 workers.
 -> (artifact id: '545dbd6af75c99aed8cbb15a87ce3cad') in 0.008073 seconds
Number of updated asset objects reloaded before import = 0
Number of asset objects unloaded after import = 3
========================================================================
Received Import Request.
  Time since last request: 0.000062 seconds.
  path: Assets/SciFiWeaponsPack1/Materials/PulsePistol_Diff_A_BLUE.mat
  artifactKey: Guid(5e5c52364b6293e42ab65078b0fac78c) Importer(815301076,1909f56bfc062723c751e8b465ee728b)
Start importing Assets/SciFiWeaponsPack1/Materials/PulsePistol_Diff_A_BLUE.mat using Guid(5e5c52364b6293e42ab65078b0fac78c) Importer(815301076,1909f56bfc062723c751e8b465ee728b) [PhysX] Initialized MultithreadedTaskDispatcher with 8 workers.
[PhysX] Initialized MultithreadedTaskDispatcher with 8 workers.
 -> (artifact id: 'e1f2700de0485e7228660d4ea70f8535') in 0.006800 seconds
Number of updated asset objects reloaded before import = 0
Number of asset objects unloaded after import = 3
========================================================================
Received Import Request.
  Time since last request: 6.294688 seconds.
  path: Assets/SciFiWeaponsPack1/Models/carbine_GREEN.fbx
  artifactKey: Guid(03630d3e963016240ba2b535587c5118) Importer(815301076,1909f56bfc062723c751e8b465ee728b)
Start importing Assets/SciFiWeaponsPack1/Models/carbine_GREEN.fbx using Guid(03630d3e963016240ba2b535587c5118) Importer(815301076,1909f56bfc062723c751e8b465ee728b) [PhysX] Initialized MultithreadedTaskDispatcher with 8 workers.
[PhysX] Initialized MultithreadedTaskDispatcher with 8 workers.
[PhysX] Initialized MultithreadedTaskDispatcher with 8 workers.
[PhysX] Initialized MultithreadedTaskDispatcher with 8 workers.
[PhysX] Initialized MultithreadedTaskDispatcher with 8 workers.
[PhysX] Initialized MultithreadedTaskDispatcher with 8 workers.
[PhysX] Initialized MultithreadedTaskDispatcher with 8 workers.
[PhysX] Initialized MultithreadedTaskDispatcher with 8 workers.
 -> (artifact id: 'cb74e7ac148f67d2c78e13978c3503dd') in 0.054717 seconds
Number of updated asset objects reloaded before import = 0
Number of asset objects unloaded after import = 24
========================================================================
Received Import Request.
  Time since last request: 0.000029 seconds.
  path: Assets/SciFiWeaponsPack1/Models/carbine_RED.fbx
  artifactKey: Guid(b03436e068a5c724e950c1519b1d9463) Importer(815301076,1909f56bfc062723c751e8b465ee728b)
Start importing Assets/SciFiWeaponsPack1/Models/carbine_RED.fbx using Guid(b03436e068a5c724e950c1519b1d9463) Importer(815301076,1909f56bfc062723c751e8b465ee728b) [PhysX] Initialized MultithreadedTaskDispatcher with 8 workers.
[PhysX] Initialized MultithreadedTaskDispatcher with 8 workers.
[PhysX] Initialized MultithreadedTaskDispatcher with 8 workers.
[PhysX] Initialized MultithreadedTaskDispatcher with 8 workers.
[PhysX] Initialized MultithreadedTaskDispatcher with 8 workers.
[PhysX] Initialized MultithreadedTaskDispatcher with 8 workers.
[PhysX] Initialized MultithreadedTaskDispatcher with 8 workers.
[PhysX] Initialized MultithreadedTaskDispatcher with 8 workers.
 -> (artifact id: '60c8f57e18d39a982b5acd9d39476bfc') in 0.199150 seconds
Number of updated asset objects reloaded before import = 0
Number of asset objects unloaded after import = 23
========================================================================
Received Import Request.
  Time since last request: 0.000054 seconds.
  path: Assets/SciFiWeaponsPack1/Models/rail rifle GREEN.fbx
  artifactKey: Guid(9265d95f600aa4841ae04f5341376bd4) Importer(815301076,1909f56bfc062723c751e8b465ee728b)
Start importing Assets/SciFiWeaponsPack1/Models/rail rifle GREEN.fbx using Guid(9265d95f600aa4841ae04f5341376bd4) Importer(815301076,1909f56bfc062723c751e8b465ee728b) [PhysX] Initialized MultithreadedTaskDispatcher with 8 workers.
[PhysX] Initialized MultithreadedTaskDispatcher with 8 workers.
[PhysX] Initialized MultithreadedTaskDispatcher with 8 workers.
[PhysX] Initialized MultithreadedTaskDispatcher with 8 workers.
[PhysX] Initialized MultithreadedTaskDispatcher with 8 workers.
[PhysX] Initialized MultithreadedTaskDispatcher with 8 workers.
[PhysX] Initialized MultithreadedTaskDispatcher with 8 workers.
[PhysX] Initialized MultithreadedTaskDispatcher with 8 workers.
[PhysX] Initialized MultithreadedTaskDispatcher with 8 workers.
[PhysX] Initialized MultithreadedTaskDispatcher with 8 workers.
 -> (artifact id: '859bc5120607f60c57aa572e7e1bfa1b') in 0.031599 seconds
Number of updated asset objects reloaded before import = 0
Number of asset objects unloaded after import = 29
========================================================================
Received Import Request.
  Time since last request: 0.000037 seconds.
  path: Assets/SciFiWeaponsPack1/Models/pulse pistol YELLOW.fbx
  artifactKey: Guid(a779afccf7a371b42962e3a5955cc582) Importer(815301076,1909f56bfc062723c751e8b465ee728b)
Start importing Assets/SciFiWeaponsPack1/Models/pulse pistol YELLOW.fbx using Guid(a779afccf7a371b42962e3a5955cc582) Importer(815301076,1909f56bfc062723c751e8b465ee728b) [PhysX] Initialized MultithreadedTaskDispatcher with 8 workers.
[PhysX] Initialized MultithreadedTaskDispatcher with 8 workers.
[PhysX] Initialized MultithreadedTaskDispatcher with 8 workers.
[PhysX] Initialized MultithreadedTaskDispatcher with 8 workers.
[PhysX] Initialized MultithreadedTaskDispatcher with 8 workers.
[PhysX] Initialized MultithreadedTaskDispatcher with 8 workers.
[PhysX] Initialized MultithreadedTaskDispatcher with 8 workers.
[PhysX] Initialized MultithreadedTaskDispatcher with 8 workers.
[PhysX] Initialized MultithreadedTaskDispatcher with 8 workers.
[PhysX] Initialized MultithreadedTaskDispatcher with 8 workers.
[PhysX] Initialized MultithreadedTaskDispatcher with 8 workers.
[PhysX] Initialized MultithreadedTaskDispatcher with 8 workers.
 -> (artifact id: '76225c0833fe5bd0fc7eb126148a1922') in 0.038574 seconds
Number of updated asset objects reloaded before import = 0
Number of asset objects unloaded after import = 34
========================================================================
Received Import Request.
  Time since last request: 100.711827 seconds.
  path: Assets/SciFiWeaponsPack1/Prefabs/Carbine Green.prefab
  artifactKey: Guid(2b9d95f89ffcee849bf62797cc13928b) Importer(815301076,1909f56bfc062723c751e8b465ee728b)
Start importing Assets/SciFiWeaponsPack1/Prefabs/Carbine Green.prefab using Guid(2b9d95f89ffcee849bf62797cc13928b) Importer(815301076,1909f56bfc062723c751e8b465ee728b) [PhysX] Initialized MultithreadedTaskDispatcher with 8 workers.
[PhysX] Initialized MultithreadedTaskDispatcher with 8 workers.
 -> (artifact id: 'a65dae475b570f8a8d730e3015c4ecab') in 0.007056 seconds
Number of updated asset objects reloaded before import = 0
Number of asset objects unloaded after import = 24
========================================================================
Received Import Request.
  Time since last request: 0.000054 seconds.
  path: Assets/SciFiWeaponsPack1/Prefabs/Pulse Pistol RED.prefab
  artifactKey: Guid(d621b65f769361346bbc519e53d0baaf) Importer(815301076,1909f56bfc062723c751e8b465ee728b)
Start importing Assets/SciFiWeaponsPack1/Prefabs/Pulse Pistol RED.prefab using Guid(d621b65f769361346bbc519e53d0baaf) Importer(815301076,1909f56bfc062723c751e8b465ee728b) [PhysX] Initialized MultithreadedTaskDispatcher with 8 workers.
[PhysX] Initialized MultithreadedTaskDispatcher with 8 workers.
 -> (artifact id: '26e44aebee820fdf66880b56d93f90f8') in 0.009311 seconds
Number of updated asset objects reloaded before import = 0
Number of asset objects unloaded after import = 34
========================================================================
Received Import Request.
  Time since last request: 0.000040 seconds.
  path: Assets/SciFiWeaponsPack1/Prefabs/Pulse Pistol YELLOW.prefab
  artifactKey: Guid(72586cd1680404f4bb895b3d118b3a63) Importer(815301076,1909f56bfc062723c751e8b465ee728b)
Start importing Assets/SciFiWeaponsPack1/Prefabs/Pulse Pistol YELLOW.prefab using Guid(72586cd1680404f4bb895b3d118b3a63) Importer(815301076,1909f56bfc062723c751e8b465ee728b) [PhysX] Initialized MultithreadedTaskDispatcher with 8 workers.
[PhysX] Initialized MultithreadedTaskDispatcher with 8 workers.
 -> (artifact id: 'e9d6e949968f33cf241ebd4edb8a9e6f') in 0.006036 seconds
Number of updated asset objects reloaded before import = 0
Number of asset objects unloaded after import = 34
========================================================================
Received Import Request.
  Time since last request: 0.000046 seconds.
  path: Assets/SciFiWeaponsPack1/Prefabs/Rail Rifle RED.prefab
  artifactKey: Guid(9110f9a1933ec19449dddccc74557608) Importer(815301076,1909f56bfc062723c751e8b465ee728b)
Start importing Assets/SciFiWeaponsPack1/Prefabs/Rail Rifle RED.prefab using Guid(9110f9a1933ec19449dddccc74557608) Importer(815301076,1909f56bfc062723c751e8b465ee728b) [PhysX] Initialized MultithreadedTaskDispatcher with 8 workers.
[PhysX] Initialized MultithreadedTaskDispatcher with 8 workers.
 -> (artifact id: '96a4d6481ce381b043d4a7c9e7c61745') in 0.005284 seconds
Number of updated asset objects reloaded before import = 0
Number of asset objects unloaded after import = 29
========================================================================
Received Import Request.
  Time since last request: 0.000070 seconds.
  path: Assets/SciFiWeaponsPack1/Prefabs/Pulse Pistol BLUE.prefab
  artifactKey: Guid(039c374758377474f82568276c6596d9) Importer(815301076,1909f56bfc062723c751e8b465ee728b)
Start importing Assets/SciFiWeaponsPack1/Prefabs/Pulse Pistol BLUE.prefab using Guid(039c374758377474f82568276c6596d9) Importer(815301076,1909f56bfc062723c751e8b465ee728b) [PhysX] Initialized MultithreadedTaskDispatcher with 8 workers.
[PhysX] Initialized MultithreadedTaskDispatcher with 8 workers.
 -> (artifact id: '81c85a6f6490b135f184217133efa6d2') in 0.007892 seconds
Number of updated asset objects reloaded before import = 0
Number of asset objects unloaded after import = 34
========================================================================
Received Import Request.
  Time since last request: 0.000063 seconds.
  path: Assets/SciFiWeaponsPack1/Prefabs/Carbine YELLOW.prefab
  artifactKey: Guid(d13e53af4a5582d4fae6740dff42abd5) Importer(815301076,1909f56bfc062723c751e8b465ee728b)
Start importing Assets/SciFiWeaponsPack1/Prefabs/Carbine YELLOW.prefab using Guid(d13e53af4a5582d4fae6740dff42abd5) Importer(815301076,1909f56bfc062723c751e8b465ee728b) [PhysX] Initialized MultithreadedTaskDispatcher with 8 workers.
[PhysX] Initialized MultithreadedTaskDispatcher with 8 workers.
 -> (artifact id: '213064a2905637e733205e49c748477a') in 0.007098 seconds
Number of updated asset objects reloaded before import = 0
Number of asset objects unloaded after import = 24
========================================================================
Received Import Request.
  Time since last request: 44.281766 seconds.
  path: Assets/_GUN/bGUN01h.psd
  artifactKey: Guid(9122cad85f842ce4fbe5ee04781672a3) Importer(815301076,1909f56bfc062723c751e8b465ee728b)
Start importing Assets/_GUN/bGUN01h.psd using Guid(9122cad85f842ce4fbe5ee04781672a3) Importer(815301076,1909f56bfc062723c751e8b465ee728b) [PhysX] Initialized MultithreadedTaskDispatcher with 8 workers.
[PhysX] Initialized MultithreadedTaskDispatcher with 8 workers.
 -> (artifact id: '1c987cd2ebc1dc90da0423272a3d2631') in 0.019828 seconds
Number of updated asset objects reloaded before import = 0
Number of asset objects unloaded after import = 2
========================================================================
Received Import Request.
  Time since last request: 0.000043 seconds.
  path: Assets/_GUN/gGUN02h_glow.png
  artifactKey: Guid(26ddf503ce5eb5e4abf1a337273ff718) Importer(815301076,1909f56bfc062723c751e8b465ee728b)
Start importing Assets/_GUN/gGUN02h_glow.png using Guid(26ddf503ce5eb5e4abf1a337273ff718) Importer(815301076,1909f56bfc062723c751e8b465ee728b) [PhysX] Initialized MultithreadedTaskDispatcher with 8 workers.
[PhysX] Initialized MultithreadedTaskDispatcher with 8 workers.
 -> (artifact id: '0fbdf787f8ba94c6dcf095c7da28289a') in 0.004899 seconds
Number of updated asset objects reloaded before import = 0
Number of asset objects unloaded after import = 2
========================================================================
Received Import Request.
  Time since last request: 0.000123 seconds.
  path: Assets/_GUN/gGUN03h.dae
  artifactKey: Guid(5884a95f9a13ac343930842dda8ca78d) Importer(815301076,1909f56bfc062723c751e8b465ee728b)
Start importing Assets/_GUN/gGUN03h.dae using Guid(5884a95f9a13ac343930842dda8ca78d) Importer(815301076,1909f56bfc062723c751e8b465ee728b) [PhysX] Initialized MultithreadedTaskDispatcher with 8 workers.
[PhysX] Initialized MultithreadedTaskDispatcher with 8 workers.
[PhysX] Initialized MultithreadedTaskDispatcher with 8 workers.
[PhysX] Initialized MultithreadedTaskDispatcher with 8 workers.
[PhysX] Initialized MultithreadedTaskDispatcher with 8 workers.
[PhysX] Initialized MultithreadedTaskDispatcher with 8 workers.
 -> (artifact id: '35116fb52d16ca5315a65850e7a23b01') in 0.214772 seconds
Number of updated asset objects reloaded before import = 0
Number of asset objects unloaded after import = 18
========================================================================
Received Import Request.
  Time since last request: 0.000056 seconds.
  path: Assets/_GUN/bGUN03h.dae
  artifactKey: Guid(d6598356f0497af44af04e0d3465b40b) Importer(815301076,1909f56bfc062723c751e8b465ee728b)
Start importing Assets/_GUN/bGUN03h.dae using Guid(d6598356f0497af44af04e0d3465b40b) Importer(815301076,1909f56bfc062723c751e8b465ee728b) [PhysX] Initialized MultithreadedTaskDispatcher with 8 workers.
[PhysX] Initialized MultithreadedTaskDispatcher with 8 workers.
[PhysX] Initialized MultithreadedTaskDispatcher with 8 workers.
 -> (artifact id: '784fcad18cba9b7a16f9e7d390e66b8e') in 0.010475 seconds
Number of updated asset objects reloaded before import = 0
Number of asset objects unloaded after import = 11
========================================================================
Received Import Request.
  Time since last request: 0.000034 seconds.
  path: Assets/_GUN/bGUN02h_glow.png
  artifactKey: Guid(b767c11d68a57f04a8d209fd0e97603a) Importer(815301076,1909f56bfc062723c751e8b465ee728b)
Start importing Assets/_GUN/bGUN02h_glow.png using Guid(b767c11d68a57f04a8d209fd0e97603a) Importer(815301076,1909f56bfc062723c751e8b465ee728b) [PhysX] Initialized MultithreadedTaskDispatcher with 8 workers.
[PhysX] Initialized MultithreadedTaskDispatcher with 8 workers.
 -> (artifact id: 'e69cc4192b04dd9e3afd451830715c2f') in 0.003702 seconds
Number of updated asset objects reloaded before import = 0
Number of asset objects unloaded after import = 2
========================================================================
Received Import Request.
  Time since last request: 0.000079 seconds.
  path: Assets/_GUN/gGUN02h.psd
  artifactKey: Guid(f496697867c7cdf4988502c23e6a2070) Importer(815301076,1909f56bfc062723c751e8b465ee728b)
Start importing Assets/_GUN/gGUN02h.psd using Guid(f496697867c7cdf4988502c23e6a2070) Importer(815301076,1909f56bfc062723c751e8b465ee728b) [PhysX] Initialized MultithreadedTaskDispatcher with 8 workers.
[PhysX] Initialized MultithreadedTaskDispatcher with 8 workers.
 -> (artifact id: 'c7f40c7c33b8604e6f56f3076c75b6d3') in 0.004511 seconds
Number of updated asset objects reloaded before import = 0
Number of asset objects unloaded after import = 2
========================================================================
Received Import Request.
  Time since last request: 0.000092 seconds.
  path: Assets/_GUN/gGUN02h.dae
  artifactKey: Guid(17e5a8f2aaabd8c45bf019b17e0137ca) Importer(815301076,1909f56bfc062723c751e8b465ee728b)
Start importing Assets/_GUN/gGUN02h.dae using Guid(17e5a8f2aaabd8c45bf019b17e0137ca) Importer(815301076,1909f56bfc062723c751e8b465ee728b) [PhysX] Initialized MultithreadedTaskDispatcher with 8 workers.
[PhysX] Initialized MultithreadedTaskDispatcher with 8 workers.
[PhysX] Initialized MultithreadedTaskDispatcher with 8 workers.
[PhysX] Initialized MultithreadedTaskDispatcher with 8 workers.
[PhysX] Initialized MultithreadedTaskDispatcher with 8 workers.
[PhysX] Initialized MultithreadedTaskDispatcher with 8 workers.
[PhysX] Initialized MultithreadedTaskDispatcher with 8 workers.
[PhysX] Initialized MultithreadedTaskDispatcher with 8 workers.
 -> (artifact id: '819a7b862ccef564b03f3f8c82bda5eb') in 0.024701 seconds
Number of updated asset objects reloaded before import = 0
Number of asset objects unloaded after import = 23
========================================================================
Received Import Request.
  Time since last request: 1029.341284 seconds.
  path: Assets/DigitalKonstrukt/Prototyping_Pack_Free/Resources/Meshes/Collectables/PTK_Collectable_2.fbx
  artifactKey: Guid(7db42757b9c1bab409898528713982e0) Importer(815301076,1909f56bfc062723c751e8b465ee728b)
Start importing Assets/DigitalKonstrukt/Prototyping_Pack_Free/Resources/Meshes/Collectables/PTK_Collectable_2.fbx using Guid(7db42757b9c1bab409898528713982e0) Importer(815301076,1909f56bfc062723c751e8b465ee728b) [PhysX] Initialized MultithreadedTaskDispatcher with 8 workers.
[PhysX] Initialized MultithreadedTaskDispatcher with 8 workers.
[PhysX] Initialized MultithreadedTaskDispatcher with 8 workers.
 -> (artifact id: 'e6b1314d7901c59066689843158517e7') in 0.012211 seconds
Number of updated asset objects reloaded before import = 0
Number of asset objects unloaded after import = 8
========================================================================
Received Import Request.
  Time since last request: 3.585612 seconds.
  path: Assets/DigitalKonstrukt/Prototyping_Pack_Free/Resources/Meshes/Columns/PTK_Column_Edge_Medium.fbx
  artifactKey: Guid(f5d03cefbd2d8fc458d323ae1fd12796) Importer(815301076,1909f56bfc062723c751e8b465ee728b)
Start importing Assets/DigitalKonstrukt/Prototyping_Pack_Free/Resources/Meshes/Columns/PTK_Column_Edge_Medium.fbx using Guid(f5d03cefbd2d8fc458d323ae1fd12796) Importer(815301076,1909f56bfc062723c751e8b465ee728b) [PhysX] Initialized MultithreadedTaskDispatcher with 8 workers.
[PhysX] Initialized MultithreadedTaskDispatcher with 8 workers.
[PhysX] Initialized MultithreadedTaskDispatcher with 8 workers.
 -> (artifact id: 'e49a1a1280a483dbec4f5f903b7b85c8') in 0.007310 seconds
Number of updated asset objects reloaded before import = 0
Number of asset objects unloaded after import = 8
========================================================================
Received Import Request.
  Time since last request: 0.000069 seconds.
  path: Assets/DigitalKonstrukt/Prototyping_Pack_Free/Resources/Meshes/Columns/PTK_Column_Large.fbx
  artifactKey: Guid(13c5b9d94ac272145a30191629f297fa) Importer(815301076,1909f56bfc062723c751e8b465ee728b)
Start importing Assets/DigitalKonstrukt/Prototyping_Pack_Free/Resources/Meshes/Columns/PTK_Column_Large.fbx using Guid(13c5b9d94ac272145a30191629f297fa) Importer(815301076,1909f56bfc062723c751e8b465ee728b) [PhysX] Initialized MultithreadedTaskDispatcher with 8 workers.
[PhysX] Initialized MultithreadedTaskDispatcher with 8 workers.
[PhysX] Initialized MultithreadedTaskDispatcher with 8 workers.
 -> (artifact id: '69b8524e95816c0263c11bf97040c276') in 0.006812 seconds
Number of updated asset objects reloaded before import = 0
Number of asset objects unloaded after import = 8
========================================================================
Received Import Request.
  Time since last request: 0.000063 seconds.
  path: Assets/DigitalKonstrukt/Prototyping_Pack_Free/Resources/Meshes/Columns/PTK_Column_Edge_Small.fbx
  artifactKey: Guid(0b27d5c7f053bcc45b2bb95213c98dcd) Importer(815301076,1909f56bfc062723c751e8b465ee728b)
Start importing Assets/DigitalKonstrukt/Prototyping_Pack_Free/Resources/Meshes/Columns/PTK_Column_Edge_Small.fbx using Guid(0b27d5c7f053bcc45b2bb95213c98dcd) Importer(815301076,1909f56bfc062723c751e8b465ee728b) [PhysX] Initialized MultithreadedTaskDispatcher with 8 workers.
[PhysX] Initialized MultithreadedTaskDispatcher with 8 workers.
[PhysX] Initialized MultithreadedTaskDispatcher with 8 workers.
 -> (artifact id: 'aaebe85792b6459933d8d343f4ab2338') in 0.005923 seconds
Number of updated asset objects reloaded before import = 0
Number of asset objects unloaded after import = 8
========================================================================
Received Import Request.
  Time since last request: 11.179415 seconds.
  path: Assets/Quantum Theory/Quantum Arid/Meshes/Mesh_Arid_B.FBX
  artifactKey: Guid(19b12e084d0abe54ca7a896a2a4b1862) Importer(815301076,1909f56bfc062723c751e8b465ee728b)
Start importing Assets/Quantum Theory/Quantum Arid/Meshes/Mesh_Arid_B.FBX using Guid(19b12e084d0abe54ca7a896a2a4b1862) Importer(815301076,1909f56bfc062723c751e8b465ee728b) [PhysX] Initialized MultithreadedTaskDispatcher with 8 workers.
[PhysX] Initialized MultithreadedTaskDispatcher with 8 workers.
[PhysX] Initialized MultithreadedTaskDispatcher with 8 workers.
 -> (artifact id: '619ea20fb7d0c1438a102ef747deb84d') in 0.332573 seconds
Number of updated asset objects reloaded before import = 0
Number of asset objects unloaded after import = 11
========================================================================
Received Import Request.
  Time since last request: 0.000070 seconds.
  path: Assets/Quantum Theory/Quantum Arid/Meshes/Mesh_Arid_C.FBX
  artifactKey: Guid(b94d720cf8c39df4099b95664e65f196) Importer(815301076,1909f56bfc062723c751e8b465ee728b)
Start importing Assets/Quantum Theory/Quantum Arid/Meshes/Mesh_Arid_C.FBX using Guid(b94d720cf8c39df4099b95664e65f196) Importer(815301076,1909f56bfc062723c751e8b465ee728b) [PhysX] Initialized MultithreadedTaskDispatcher with 8 workers.
[PhysX] Initialized MultithreadedTaskDispatcher with 8 workers.
[PhysX] Initialized MultithreadedTaskDispatcher with 8 workers.
 -> (artifact id: 'faa866d1dd9567621c8eb2397055e486') in 0.013232 seconds
Number of updated asset objects reloaded before import = 0
Number of asset objects unloaded after import = 11
========================================================================
Received Import Request.
  Time since last request: 0.000055 seconds.
  path: Assets/Quantum Theory/Quantum Arid/Meshes/Mesh_Arid_J.FBX
  artifactKey: Guid(7c8de8fd35f2fa64e94739163360fd17) Importer(815301076,1909f56bfc062723c751e8b465ee728b)
Start importing Assets/Quantum Theory/Quantum Arid/Meshes/Mesh_Arid_J.FBX using Guid(7c8de8fd35f2fa64e94739163360fd17) Importer(815301076,1909f56bfc062723c751e8b465ee728b) [PhysX] Initialized MultithreadedTaskDispatcher with 8 workers.
[PhysX] Initialized MultithreadedTaskDispatcher with 8 workers.
[PhysX] Initialized MultithreadedTaskDispatcher with 8 workers.
 -> (artifact id: '886b3f95fcc97e02635f3b08e7cc2575') in 0.011899 seconds
Number of updated asset objects reloaded before import = 0
Number of asset objects unloaded after import = 11
========================================================================
Received Import Request.
  Time since last request: 0.000052 seconds.
  path: Assets/Quantum Theory/Quantum Arid/Meshes/Mesh_Arid_H.FBX
  artifactKey: Guid(cea28c584b774624ca459f9d8adc0066) Importer(815301076,1909f56bfc062723c751e8b465ee728b)
Start importing Assets/Quantum Theory/Quantum Arid/Meshes/Mesh_Arid_H.FBX using Guid(cea28c584b774624ca459f9d8adc0066) Importer(815301076,1909f56bfc062723c751e8b465ee728b) [PhysX] Initialized MultithreadedTaskDispatcher with 8 workers.
[PhysX] Initialized MultithreadedTaskDispatcher with 8 workers.
[PhysX] Initialized MultithreadedTaskDispatcher with 8 workers.
 -> (artifact id: '5aa0e31fc85d0bd4843cfa26bde05450') in 0.011081 seconds
Number of updated asset objects reloaded before import = 0
Number of asset objects unloaded after import = 11
